====START OF HERA REGRESSION TESTING LOG====

UFSWM hash used in testing:
7d5451f90d1e5238eb6353edb8d090cbf1ffe366

Submodule hashes used in testing:
 37cbb7d6840ae7515a9a8f0dfd4d89461b3396d1 AQM (v0.2.0-37-g37cbb7d)
 fbdf6843d6bde852d97f1547591d90136103f669 CDEPS-interface/CDEPS (cdeps0.4.17-41-gfbdf684)
 9452de8c3cb43fb2628f0722e6a51f79429d2160 CICE-interface/CICE (CICE6.0.0-450-g9452de8)
 2d837b16af326b09ff4018daab4de84f4deff7ec CMEPS-interface/CMEPS (cmeps_v0.4.1-2307-g2d837b1)
 cabd7753ae17f7bfcc6dad56daf10868aa51c3f4 CMakeModules (v1.0.0-28-gcabd775)
 db80f5dfd3ffea26a81c5ddd8401d19804af6672 FV3 (remotes/origin/HR4-GWD-update)
 041422934cae1570f2f0e67239d5d89f11c6e1b7 GOCART (sdr_v2.1.2.6-119-g0414229)
 bcf7777bb037ae2feb2a8a8ac51aacb3511b52d9 HYCOM-interface/HYCOM (2.3.00-122-gbcf7777)
 b32aea7bf3f9e2a774afa23d3386c88156cd1182 MOM6-interface/MOM6 (dev/master/repository_split_2014.10.10-10051-gb32aea7bf)
 ec38ea3d902644cd4519d5fe060316859ccdc108 NOAHMP-interface/noahmp (v3.7.1-434-gec38ea3)
 d9b3172f4197c65d471662c6952a668152d71230 WW3 (6.07.1-345-gd9b3172f)
 fad2fe9f42f6b7f744b128b4a2a9433f91e4296f stochastic_physics (ufs-v2.0.0-219-gfad2fe9)


NOTES:
[Times](Memory) are at the end of each compile/test in format [MM:SS](Size).
The first time is for the full script (prep+run+finalize).
The second time is specifically for the run phase.
Times/Memory will be empty for failed tests.

BASELINE DIRECTORY: /scratch2/NAGAPE/epic/UFS-WM_RT/NEMSfv3gfs/develop-20240614
COMPARISON DIRECTORY: /scratch1/NCEPDEV/stmp2/Jong.Kim/FV3_RT/rt_3498314

RT.SH OPTIONS USED:
* (-a) - HPC PROJECT ACCOUNT: epic
* (-e) - USE ECFLOW

PASS -- COMPILE 's2swa_32bit_intel' [14:11, 13:37] ( 1 warnings 8 remarks )
FAILED: UNABLE TO COMPLETE COMPARISON -- TEST 'cpld_control_p8_mixedmode_intel' [, ]( MB)

PASS -- COMPILE 's2swa_32bit_pdlib_intel' [17:11, 16:34] ( 1 warnings 8 remarks )
FAILED: UNABLE TO COMPLETE COMPARISON -- TEST 'cpld_control_gfsv17_intel' [, ]( MB)
FAILED: UNABLE TO START TEST -- TEST 'cpld_control_gfsv17_iau_intel' [, ]( MB)
FAILED: UNABLE TO START TEST -- TEST 'cpld_restart_gfsv17_intel' [, ]( MB)
FAILED: UNABLE TO COMPLETE COMPARISON -- TEST 'cpld_mpi_gfsv17_intel' [, ]( MB)

PASS -- COMPILE 's2swa_32bit_pdlib_sfs_intel' [17:11, 16:24] ( 1 warnings 8 remarks )
FAILED: UNABLE TO COMPLETE COMPARISON -- TEST 'cpld_control_sfs_intel' [, ]( MB)

PASS -- COMPILE 's2swa_32bit_pdlib_debug_intel' [06:12, 05:15] ( 1525 warnings 1998 remarks )
FAILED: UNABLE TO COMPLETE COMPARISON -- TEST 'cpld_debug_gfsv17_intel' [, ]( MB)

PASS -- COMPILE 's2swa_intel' [14:11, 13:42] ( 8 remarks )
FAILED: UNABLE TO COMPLETE COMPARISON -- TEST 'cpld_control_p8_intel' [, ]( MB)
FAILED: UNABLE TO COMPLETE COMPARISON -- TEST 'cpld_control_p8.v2.sfc_intel' [, ]( MB)
FAILED: UNABLE TO START TEST -- TEST 'cpld_restart_p8_intel' [, ]( MB)
FAILED: UNABLE TO COMPLETE COMPARISON -- TEST 'cpld_control_qr_p8_intel' [, ]( MB)
FAILED: UNABLE TO START TEST -- TEST 'cpld_restart_qr_p8_intel' [, ]( MB)
FAILED: UNABLE TO COMPLETE COMPARISON -- TEST 'cpld_2threads_p8_intel' [, ]( MB)
FAILED: UNABLE TO COMPLETE COMPARISON -- TEST 'cpld_decomp_p8_intel' [, ]( MB)
FAILED: UNABLE TO COMPLETE COMPARISON -- TEST 'cpld_mpi_p8_intel' [, ]( MB)
FAILED: UNABLE TO COMPLETE COMPARISON -- TEST 'cpld_control_ciceC_p8_intel' [, ]( MB)
FAILED: UNABLE TO COMPLETE COMPARISON -- TEST 'cpld_control_c192_p8_intel' [, ]( MB)
FAILED: UNABLE TO START TEST -- TEST 'cpld_restart_c192_p8_intel' [, ]( MB)
FAILED: UNABLE TO COMPLETE COMPARISON -- TEST 'cpld_bmark_p8_intel' [, ]( MB)
FAILED: UNABLE TO START TEST -- TEST 'cpld_restart_bmark_p8_intel' [, ]( MB)
FAILED: UNABLE TO COMPLETE COMPARISON -- TEST 'cpld_s2sa_p8_intel' [, ]( MB)

PASS -- COMPILE 's2sw_intel' [13:11, 12:50] ( 8 remarks )
FAILED: UNABLE TO COMPLETE COMPARISON -- TEST 'cpld_control_noaero_p8_intel' [, ]( MB)
FAILED: UNABLE TO COMPLETE COMPARISON -- TEST 'cpld_control_nowave_noaero_p8_intel' [, ]( MB)

PASS -- COMPILE 's2swa_debug_intel' [06:10, 05:14] ( 1450 warnings 1228 remarks )
FAILED: UNABLE TO COMPLETE COMPARISON -- TEST 'cpld_debug_p8_intel' [, ]( MB)

PASS -- COMPILE 's2sw_debug_intel' [05:10, 05:04] ( 1450 warnings 1228 remarks )
FAILED: UNABLE TO COMPLETE COMPARISON -- TEST 'cpld_debug_noaero_p8_intel' [, ]( MB)

PASS -- COMPILE 's2s_aoflux_intel' [13:11, 12:11] ( 1 remarks )
FAILED: UNABLE TO COMPLETE COMPARISON -- TEST 'cpld_control_noaero_p8_agrid_intel' [, ]( MB)

PASS -- COMPILE 's2s_intel' [12:11, 12:05] ( 1 remarks )
FAILED: UNABLE TO COMPLETE COMPARISON -- TEST 'cpld_control_c48_intel' [, ]( MB)
FAILED: UNABLE TO COMPLETE COMPARISON -- TEST 'cpld_warmstart_c48_intel' [, ]( MB)
FAILED: UNABLE TO START TEST -- TEST 'cpld_restart_c48_intel' [, ]( MB)

PASS -- COMPILE 's2swa_faster_intel' [18:11, 17:33] ( 8 remarks )
FAILED: UNABLE TO COMPLETE COMPARISON -- TEST 'cpld_control_p8_faster_intel' [, ]( MB)

PASS -- COMPILE 's2sw_pdlib_intel' [16:11, 15:25] ( 8 remarks )
FAILED: UNABLE TO COMPLETE COMPARISON -- TEST 'cpld_control_pdlib_p8_intel' [, ]( MB)
FAILED: UNABLE TO START TEST -- TEST 'cpld_restart_pdlib_p8_intel' [, ]( MB)
FAILED: UNABLE TO START TEST -- TEST 'cpld_mpi_pdlib_p8_intel' [, ]( MB)

PASS -- COMPILE 's2sw_pdlib_debug_intel' [06:10, 04:44] ( 1560 warnings 1998 remarks )
FAILED: UNABLE TO COMPLETE COMPARISON -- TEST 'cpld_debug_pdlib_p8_intel' [, ]( MB)

PASS -- COMPILE 'atm_dyn32_intel' [13:11, 12:24] ( 1 warnings 1 remarks )
PASS -- TEST 'control_flake_intel' [04:23, 03:25](704 MB)
PASS -- TEST 'control_CubedSphereGrid_intel' [03:40, 02:58](1602 MB)
PASS -- TEST 'control_CubedSphereGrid_parallel_intel' [03:43, 03:02](1602 MB)
PASS -- TEST 'control_latlon_intel' [03:44, 02:55](1602 MB)
PASS -- TEST 'control_wrtGauss_netcdf_parallel_intel' [03:47, 03:05](1600 MB)
PASS -- TEST 'control_c48_intel' [08:47, 07:42](1759 MB)
PASS -- TEST 'control_c48.v2.sfc_intel' [07:31, 06:27](870 MB)
PASS -- TEST 'control_c192_intel' [12:08, 10:52](1754 MB)
PASS -- TEST 'control_c384_intel' [13:18, 10:47](2005 MB)
PASS -- TEST 'control_c384gdas_intel' [13:29, 08:07](1394 MB)
PASS -- TEST 'control_stochy_intel' [02:26, 01:43](658 MB)
PASS -- TEST 'control_stochy_restart_intel' [02:36, 01:02](505 MB)
PASS -- TEST 'control_lndp_intel' [02:25, 01:37](656 MB)
PASS -- TEST 'control_iovr4_intel' [03:29, 02:37](658 MB)
PASS -- TEST 'control_iovr5_intel' [03:42, 02:35](658 MB)
PASS -- TEST 'control_p8_intel' [05:16, 03:10](1895 MB)
PASS -- TEST 'control_p8.v2.sfc_intel' [05:20, 03:11](1884 MB)
PASS -- TEST 'control_p8_ugwpv1_intel' [05:13, 03:06](1869 MB)
PASS -- TEST 'control_restart_p8_intel' [02:54, 01:46](1143 MB)
PASS -- TEST 'control_noqr_p8_intel' [05:03, 03:07](1901 MB)
PASS -- TEST 'control_restart_noqr_p8_intel' [03:03, 01:47](1169 MB)
PASS -- TEST 'control_decomp_p8_intel' [04:53, 03:14](1884 MB)
PASS -- TEST 'control_2threads_p8_intel' [04:54, 03:00](1984 MB)
PASS -- TEST 'control_p8_lndp_intel' [06:49, 05:28](1899 MB)
PASS -- TEST 'control_p8_rrtmgp_intel' [05:58, 04:08](1966 MB)
PASS -- TEST 'control_p8_mynn_intel' [05:04, 03:11](1907 MB)
PASS -- TEST 'merra2_thompson_intel' [05:00, 03:31](1891 MB)
PASS -- TEST 'regional_control_intel' [06:37, 05:24](1104 MB)
PASS -- TEST 'regional_restart_intel' [03:43, 03:04](1089 MB)
PASS -- TEST 'regional_decomp_intel' [06:37, 05:46](1090 MB)
PASS -- TEST 'regional_2threads_intel' [04:54, 03:32](1101 MB)
PASS -- TEST 'regional_noquilt_intel' [06:48, 05:21](1395 MB)
PASS -- TEST 'regional_netcdf_parallel_intel' [06:46, 05:26](1107 MB)
PASS -- TEST 'regional_2dwrtdecomp_intel' [06:48, 05:35](1094 MB)
PASS -- TEST 'regional_wofs_intel' [07:42, 06:55](1922 MB)

PASS -- COMPILE 'rrfs_intel' [12:10, 11:11] ( 3 warnings 9 remarks )
PASS -- TEST 'rap_control_intel' [08:49, 07:53](1106 MB)
PASS -- TEST 'regional_spp_sppt_shum_skeb_intel' [07:20, 04:20](1307 MB)
PASS -- TEST 'rap_decomp_intel' [09:42, 08:14](1037 MB)
PASS -- TEST 'rap_2threads_intel' [08:39, 07:38](1176 MB)
PASS -- TEST 'rap_restart_intel' [04:52, 04:06](1105 MB)
PASS -- TEST 'rap_sfcdiff_intel' [08:43, 07:53](1108 MB)
PASS -- TEST 'rap_sfcdiff_decomp_intel' [09:42, 08:16](1040 MB)
PASS -- TEST 'rap_sfcdiff_restart_intel' [06:57, 05:54](1131 MB)
PASS -- TEST 'hrrr_control_intel' [05:48, 04:08](1046 MB)
PASS -- TEST 'hrrr_control_decomp_intel' [05:40, 04:13](1033 MB)
PASS -- TEST 'hrrr_control_2threads_intel' [04:40, 03:53](1114 MB)
PASS -- TEST 'hrrr_control_restart_intel' [03:39, 02:15](1011 MB)
PASS -- TEST 'rrfs_v1beta_intel' [08:51, 07:49](1098 MB)
PASS -- TEST 'rrfs_v1nssl_intel' [10:31, 09:38](1985 MB)
PASS -- TEST 'rrfs_v1nssl_nohailnoccn_intel' [10:31, 09:13](2073 MB)

PASS -- COMPILE 'csawmg_intel' [11:11, 10:54]
PASS -- TEST 'control_csawmg_intel' [07:41, 06:14](1021 MB)
PASS -- TEST 'control_ras_intel' [04:25, 03:17](744 MB)

PASS -- COMPILE 'csawmg_gnu' [04:10, 04:07]
PASS -- TEST 'control_csawmg_gnu' [09:43, 08:30](749 MB)

PASS -- COMPILE 'wam_intel' [11:11, 10:35] ( 1 remarks )
PASS -- TEST 'control_wam_intel' [13:02, 11:08](1673 MB)

PASS -- COMPILE 'atm_faster_dyn32_intel' [15:11, 14:56] ( 1 remarks )
PASS -- TEST 'control_p8_faster_intel' [04:05, 02:58](1897 MB)
PASS -- TEST 'regional_control_faster_intel' [05:47, 04:54](1100 MB)

PASS -- COMPILE 'atm_debug_dyn32_intel' [07:11, 06:15] ( 884 warnings 9 remarks )
PASS -- TEST 'control_CubedSphereGrid_debug_intel' [03:43, 02:38](1618 MB)
PASS -- TEST 'control_wrtGauss_netcdf_parallel_debug_intel' [03:45, 02:41](1620 MB)
PASS -- TEST 'control_stochy_debug_intel' [03:32, 03:04](814 MB)
PASS -- TEST 'control_lndp_debug_intel' [03:24, 02:48](818 MB)
PASS -- TEST 'control_csawmg_debug_intel' [05:51, 04:16](1145 MB)
PASS -- TEST 'control_ras_debug_intel' [03:26, 02:45](829 MB)
PASS -- TEST 'control_diag_debug_intel' [03:55, 02:50](1667 MB)
PASS -- TEST 'control_debug_p8_intel' [03:46, 03:03](1908 MB)
PASS -- TEST 'regional_debug_intel' [18:44, 17:34](1095 MB)
PASS -- TEST 'rap_control_debug_intel' [05:30, 04:59](1214 MB)
PASS -- TEST 'hrrr_control_debug_intel' [05:28, 04:47](1197 MB)
PASS -- TEST 'hrrr_gf_debug_intel' [05:27, 04:56](1200 MB)
PASS -- TEST 'hrrr_c3_debug_intel' [05:25, 04:57](1200 MB)
PASS -- TEST 'rap_unified_drag_suite_debug_intel' [05:27, 05:01](1205 MB)
PASS -- TEST 'rap_diag_debug_intel' [06:53, 05:17](1266 MB)
PASS -- TEST 'rap_cires_ugwp_debug_intel' [05:27, 05:02](1207 MB)
PASS -- TEST 'rap_unified_ugwp_debug_intel' [05:24, 05:02](1207 MB)
PASS -- TEST 'rap_lndp_debug_intel' [05:25, 04:58](1206 MB)
PASS -- TEST 'rap_progcld_thompson_debug_intel' [05:25, 04:52](1203 MB)
PASS -- TEST 'rap_noah_debug_intel' [05:30, 04:44](1205 MB)
PASS -- TEST 'rap_sfcdiff_debug_intel' [05:26, 04:49](1209 MB)
PASS -- TEST 'rap_noah_sfcdiff_cires_ugwp_debug_intel' [09:26, 08:11](1206 MB)
PASS -- TEST 'rrfs_v1beta_debug_intel' [05:26, 04:53](1203 MB)
PASS -- TEST 'rap_clm_lake_debug_intel' [07:28, 06:09](1209 MB)
PASS -- TEST 'rap_flake_debug_intel' [06:26, 05:06](1209 MB)
PASS -- TEST 'gnv1_c96_no_nest_debug_intel' [09:47, 08:26](1215 MB)

PASS -- COMPILE 'atm_debug_dyn32_gnu' [05:11, 04:58]
PASS -- TEST 'control_csawmg_debug_gnu' [03:42, 02:19](744 MB)

PASS -- COMPILE 'wam_debug_intel' [04:10, 04:00] ( 839 warnings 1 remarks )
PASS -- TEST 'control_wam_debug_intel' [14:51, 13:16](1683 MB)

PASS -- COMPILE 'rrfs_dyn32_phy32_intel' [11:11, 10:44] ( 3 warnings 8 remarks )
PASS -- TEST 'regional_spp_sppt_shum_skeb_dyn32_phy32_intel' [06:19, 04:09](1165 MB)
PASS -- TEST 'rap_control_dyn32_phy32_intel' [07:58, 06:32](1056 MB)
PASS -- TEST 'hrrr_control_dyn32_phy32_intel' [04:42, 03:31](991 MB)
PASS -- TEST 'rap_2threads_dyn32_phy32_intel' [07:52, 06:14](1090 MB)
PASS -- TEST 'hrrr_control_2threads_dyn32_phy32_intel' [05:39, 03:15](963 MB)
PASS -- TEST 'hrrr_control_decomp_dyn32_phy32_intel' [05:36, 04:12](929 MB)
PASS -- TEST 'rap_restart_dyn32_phy32_intel' [05:51, 04:54](1032 MB)
PASS -- TEST 'hrrr_control_restart_dyn32_phy32_intel' [02:36, 01:56](939 MB)

PASS -- COMPILE 'rrfs_dyn32_phy32_faster_intel' [14:12, 13:47] ( 3 warnings 8 remarks )
PASS -- TEST 'conus13km_control_intel' [04:09, 02:14](1203 MB)
PASS -- TEST 'conus13km_2threads_intel' [01:52, 00:56](1129 MB)
PASS -- TEST 'conus13km_restart_mismatch_intel' [02:52, 01:16](1109 MB)

PASS -- COMPILE 'rrfs_dyn64_phy32_intel' [11:12, 10:41] ( 3 warnings 8 remarks )
PASS -- TEST 'rap_control_dyn64_phy32_intel' [05:48, 04:17](992 MB)

PASS -- COMPILE 'rrfs_dyn32_phy32_debug_intel' [05:11, 04:08] ( 787 warnings 8 remarks )
PASS -- TEST 'rap_control_debug_dyn32_phy32_intel' [05:27, 04:57](1091 MB)
PASS -- TEST 'hrrr_control_debug_dyn32_phy32_intel' [05:24, 04:50](1089 MB)
PASS -- TEST 'conus13km_debug_intel' [16:03, 14:14](1238 MB)
PASS -- TEST 'conus13km_debug_qr_intel' [15:58, 14:23](928 MB)
PASS -- TEST 'conus13km_debug_2threads_intel' [08:52, 08:01](1166 MB)
PASS -- TEST 'conus13km_radar_tten_debug_intel' [15:53, 14:45](1297 MB)

PASS -- COMPILE 'rrfs_dyn64_phy32_debug_intel' [04:11, 03:58] ( 787 warnings 8 remarks )
PASS -- TEST 'rap_control_dyn64_phy32_debug_intel' [05:25, 04:55](1148 MB)

PASS -- COMPILE 'hafsw_intel' [13:11, 12:35] ( 1 warnings 8 remarks )
PASS -- TEST 'hafs_regional_atm_intel' [07:24, 05:23](744 MB)
PASS -- TEST 'hafs_regional_atm_thompson_gfdlsf_intel' [08:34, 06:54](1119 MB)
PASS -- TEST 'hafs_regional_atm_ocn_intel' [09:29, 07:15](832 MB)
PASS -- TEST 'hafs_regional_atm_wav_intel' [15:20, 13:46](988 MB)
PASS -- TEST 'hafs_regional_atm_ocn_wav_intel' [17:46, 15:39](882 MB)
PASS -- TEST 'hafs_regional_1nest_atm_intel' [07:06, 05:57](503 MB)
PASS -- TEST 'hafs_regional_telescopic_2nests_atm_intel' [09:37, 07:27](524 MB)
PASS -- TEST 'hafs_global_1nest_atm_intel' [04:47, 02:59](375 MB)
PASS -- TEST 'hafs_global_multiple_4nests_atm_intel' [12:43, 07:53](486 MB)
PASS -- TEST 'hafs_regional_specified_moving_1nest_atm_intel' [05:48, 04:04](532 MB)
PASS -- TEST 'hafs_regional_storm_following_1nest_atm_intel' [04:55, 03:51](538 MB)
PASS -- TEST 'hafs_regional_storm_following_1nest_atm_ocn_intel' [07:04, 04:27](594 MB)
PASS -- TEST 'hafs_global_storm_following_1nest_atm_intel' [02:31, 01:24](406 MB)
PASS -- TEST 'gnv1_nested_intel' [06:51, 04:09](1753 MB)

PASS -- COMPILE 'hafsw_debug_intel' [05:10, 04:40] ( 1467 warnings 1501 remarks )
PASS -- TEST 'hafs_regional_storm_following_1nest_atm_ocn_debug_intel' [14:04, 12:55](630 MB)

PASS -- COMPILE 'hafsw_faster_intel' [17:11, 16:18] ( 7 remarks )
PASS -- TEST 'hafs_regional_storm_following_1nest_atm_ocn_wav_intel' [11:06, 08:56](679 MB)
PASS -- TEST 'hafs_regional_storm_following_1nest_atm_ocn_wav_inline_intel' [11:09, 08:58](714 MB)

PASS -- COMPILE 'hafs_mom6w_intel' [13:11, 12:34] ( 7 remarks )
PASS -- TEST 'hafs_regional_storm_following_1nest_atm_ocn_wav_mom6_intel' [10:09, 06:39](749 MB)

PASS -- COMPILE 'hafs_all_intel' [12:12, 11:42] ( 7 remarks )
PASS -- TEST 'hafs_regional_docn_intel' [09:20, 06:43](843 MB)
PASS -- TEST 'hafs_regional_docn_oisst_intel' [09:18, 06:49](823 MB)
PASS -- TEST 'hafs_regional_datm_cdeps_intel' [19:00, 17:12](1214 MB)

PASS -- COMPILE 'datm_cdeps_intel' [07:11, 06:33]
PASS -- TEST 'datm_cdeps_control_cfsr_intel' [03:20, 02:39](1150 MB)
PASS -- TEST 'datm_cdeps_restart_cfsr_intel' [02:22, 01:40](1097 MB)
PASS -- TEST 'datm_cdeps_control_gefs_intel' [03:20, 02:37](1022 MB)
PASS -- TEST 'datm_cdeps_iau_gefs_intel' [03:19, 02:41](1030 MB)
PASS -- TEST 'datm_cdeps_stochy_gefs_intel' [03:19, 02:40](1030 MB)
PASS -- TEST 'datm_cdeps_ciceC_cfsr_intel' [03:19, 02:46](1139 MB)
PASS -- TEST 'datm_cdeps_bulk_cfsr_intel' [03:19, 02:48](1166 MB)
PASS -- TEST 'datm_cdeps_bulk_gefs_intel' [03:20, 02:56](1032 MB)
PASS -- TEST 'datm_cdeps_mx025_cfsr_intel' [08:40, 06:23](1064 MB)
PASS -- TEST 'datm_cdeps_mx025_gefs_intel' [08:24, 06:20](1067 MB)
PASS -- TEST 'datm_cdeps_multiple_files_cfsr_intel' [03:17, 02:44](1155 MB)
PASS -- TEST 'datm_cdeps_3072x1536_cfsr_intel' [04:22, 04:03](2434 MB)
PASS -- TEST 'datm_cdeps_gfs_intel' [04:20, 03:54](2443 MB)

PASS -- COMPILE 'datm_cdeps_debug_intel' [04:12, 03:32] ( 2 warnings )
PASS -- TEST 'datm_cdeps_debug_cfsr_intel' [07:20, 06:14](1075 MB)

PASS -- COMPILE 'datm_cdeps_faster_intel' [07:11, 06:38]
PASS -- TEST 'datm_cdeps_control_cfsr_faster_intel' [03:19, 02:44](1169 MB)

PASS -- COMPILE 'datm_cdeps_land_intel' [02:11, 01:12] ( 1 remarks )
PASS -- TEST 'datm_cdeps_lnd_gswp3_intel' [01:36, 00:52](264 MB)
PASS -- TEST 'datm_cdeps_lnd_era5_intel' [01:28, 00:58](319 MB)
PASS -- TEST 'datm_cdeps_lnd_era5_rst_intel' [01:26, 00:33](320 MB)

PASS -- COMPILE 'atm_ds2s_docn_pcice_intel' [12:13, 11:23] ( 1 remarks )
FAILED: UNABLE TO COMPLETE COMPARISON -- TEST 'atm_ds2s_docn_pcice_intel' [, ]( MB)

PASS -- COMPILE 'atm_ds2s_docn_dice_intel' [11:14, 11:04] ( 1 remarks )
FAILED: UNABLE TO START TEST -- TEST 'atm_ds2s_docn_dice_intel' [, ]( MB)

PASS -- COMPILE 'atml_intel' [13:11, 12:51] ( 8 warnings 2 remarks )
PASS -- TEST 'control_p8_atmlnd_sbs_intel' [06:10, 04:26](1860 MB)
PASS -- TEST 'control_p8_atmlnd_intel' [06:04, 04:26](1870 MB)
PASS -- TEST 'control_restart_p8_atmlnd_intel' [03:51, 02:26](1104 MB)

PASS -- COMPILE 'atml_debug_intel' [06:11, 05:52] ( 882 warnings 2 remarks )
PASS -- TEST 'control_p8_atmlnd_debug_intel' [06:58, 05:47](1877 MB)

PASS -- COMPILE 'atmw_intel' [12:15, 11:36] ( 8 remarks )
PASS -- TEST 'atmwav_control_noaero_p8_intel' [02:53, 01:59](1916 MB)

PASS -- COMPILE 'atmaero_intel' [12:12, 11:20] ( 1 remarks )
PASS -- TEST 'atmaero_control_p8_intel' [06:06, 04:12](3204 MB)
PASS -- TEST 'atmaero_control_p8_rad_intel' [07:02, 04:54](3105 MB)
PASS -- TEST 'atmaero_control_p8_rad_micro_intel' [06:46, 05:00](3118 MB)

PASS -- COMPILE 'atmaq_debug_intel' [05:13, 04:37] ( 884 warnings 6 remarks )
PASS -- TEST 'regional_atmaq_debug_intel' [39:20, 37:01](4449 MB)

PASS -- COMPILE 'atm_gnu' [05:14, 04:50]
PASS -- TEST 'control_c48_gnu' [12:41, 11:25](1540 MB)
PASS -- TEST 'control_stochy_gnu' [04:26, 03:22](499 MB)
PASS -- TEST 'control_ras_gnu' [05:22, 04:45](505 MB)
PASS -- TEST 'control_p8_gnu' [06:01, 04:53](1457 MB)
PASS -- TEST 'control_p8_ugwpv1_gnu' [05:55, 04:43](1462 MB)
PASS -- TEST 'control_flake_gnu' [11:26, 10:16](540 MB)

PASS -- COMPILE 'rrfs_gnu' [05:11, 04:37]
PASS -- TEST 'rap_control_gnu' [12:37, 10:51](820 MB)
PASS -- TEST 'rap_decomp_gnu' [12:35, 10:54](852 MB)
PASS -- TEST 'rap_2threads_gnu' [11:40, 09:57](930 MB)
PASS -- TEST 'rap_restart_gnu' [06:47, 05:29](583 MB)
PASS -- TEST 'rap_sfcdiff_gnu' [12:43, 10:55](850 MB)
PASS -- TEST 'rap_sfcdiff_decomp_gnu' [12:39, 11:07](816 MB)
PASS -- TEST 'rap_sfcdiff_restart_gnu' [08:48, 08:00](600 MB)
PASS -- TEST 'hrrr_control_gnu' [06:42, 05:31](814 MB)
PASS -- TEST 'hrrr_control_noqr_gnu' [06:36, 05:34](801 MB)
PASS -- TEST 'hrrr_control_2threads_gnu' [06:32, 05:02](929 MB)
PASS -- TEST 'hrrr_control_decomp_gnu' [06:35, 05:36](847 MB)
PASS -- TEST 'hrrr_control_restart_gnu' [03:32, 03:00](568 MB)
PASS -- TEST 'hrrr_control_restart_noqr_gnu' [03:34, 02:56](658 MB)
PASS -- TEST 'rrfs_v1beta_gnu' [11:49, 10:35](815 MB)

PASS -- COMPILE 'atm_dyn32_debug_gnu' [08:11, 07:43]
PASS -- TEST 'control_diag_debug_gnu' [02:50, 01:41](1277 MB)
PASS -- TEST 'regional_debug_gnu' [11:39, 10:39](749 MB)
PASS -- TEST 'rap_control_debug_gnu' [03:24, 02:39](826 MB)
PASS -- TEST 'hrrr_control_debug_gnu' [03:25, 02:36](826 MB)
PASS -- TEST 'hrrr_gf_debug_gnu' [03:22, 02:38](831 MB)
PASS -- TEST 'hrrr_c3_debug_gnu' [03:24, 02:36](835 MB)
PASS -- TEST 'rap_diag_debug_gnu' [04:53, 02:52](914 MB)
PASS -- TEST 'rap_noah_sfcdiff_cires_ugwp_debug_gnu' [05:22, 04:15](829 MB)
PASS -- TEST 'rap_progcld_thompson_debug_gnu' [03:26, 02:44](827 MB)
PASS -- TEST 'rrfs_v1beta_debug_gnu' [03:25, 02:41](824 MB)
PASS -- TEST 'control_ras_debug_gnu' [02:23, 01:36](461 MB)
PASS -- TEST 'control_stochy_debug_gnu' [02:24, 01:47](451 MB)
PASS -- TEST 'control_debug_p8_gnu' [02:42, 01:53](1441 MB)
PASS -- TEST 'rap_flake_debug_gnu' [03:23, 02:47](829 MB)
PASS -- TEST 'rap_clm_lake_debug_gnu' [03:24, 02:56](828 MB)
PASS -- TEST 'gnv1_c96_no_nest_debug_gnu' [05:37, 04:23](831 MB)

PASS -- COMPILE 'wam_debug_gnu' [03:11, 02:39]

PASS -- COMPILE 'rrfs_dyn32_phy32_gnu' [05:12, 04:21]
PASS -- TEST 'rap_control_dyn32_phy32_gnu' [10:34, 09:38](714 MB)
PASS -- TEST 'hrrr_control_dyn32_phy32_gnu' [05:36, 05:03](710 MB)
PASS -- TEST 'rap_2threads_dyn32_phy32_gnu' [09:37, 08:41](756 MB)
PASS -- TEST 'hrrr_control_2threads_dyn32_phy32_gnu' [05:34, 04:43](753 MB)
PASS -- TEST 'hrrr_control_decomp_dyn32_phy32_gnu' [05:33, 05:06](704 MB)
PASS -- TEST 'rap_restart_dyn32_phy32_gnu' [07:42, 07:00](560 MB)
PASS -- TEST 'hrrr_control_restart_dyn32_phy32_gnu' [03:32, 02:33](543 MB)
PASS -- TEST 'conus13km_control_gnu' [05:05, 03:13](880 MB)
PASS -- TEST 'conus13km_2threads_gnu' [06:49, 05:57](883 MB)
PASS -- TEST 'conus13km_restart_mismatch_gnu' [02:48, 01:50](563 MB)

PASS -- COMPILE 'atm_dyn64_phy32_gnu' [11:11, 10:50]
PASS -- TEST 'rap_control_dyn64_phy32_gnu' [06:41, 05:48](732 MB)

PASS -- COMPILE 'atm_dyn32_phy32_debug_gnu' [08:11, 07:44]
PASS -- TEST 'rap_control_debug_dyn32_phy32_gnu' [03:25, 02:39](720 MB)
PASS -- TEST 'hrrr_control_debug_dyn32_phy32_gnu' [03:27, 02:33](725 MB)
PASS -- TEST 'conus13km_debug_gnu' [08:55, 07:03](900 MB)
PASS -- TEST 'conus13km_debug_qr_gnu' [08:53, 07:10](587 MB)
PASS -- TEST 'conus13km_debug_2threads_gnu' [08:47, 07:51](898 MB)
PASS -- TEST 'conus13km_radar_tten_debug_gnu' [09:41, 07:10](966 MB)

PASS -- COMPILE 'atm_dyn64_phy32_debug_gnu' [08:11, 07:45]
PASS -- TEST 'rap_control_dyn64_phy32_debug_gnu' [03:24, 02:38](755 MB)

PASS -- COMPILE 's2swa_gnu' [17:12, 16:44]

PASS -- COMPILE 's2s_gnu' [17:11, 16:09]
FAILED: UNABLE TO COMPLETE COMPARISON -- TEST 'cpld_control_nowave_noaero_p8_gnu' [, ]( MB)

PASS -- COMPILE 's2swa_debug_gnu' [04:12, 03:32]

PASS -- COMPILE 's2sw_pdlib_gnu' [17:11, 16:15]
FAILED: UNABLE TO COMPLETE COMPARISON -- TEST 'cpld_control_pdlib_p8_gnu' [, ]( MB)

PASS -- COMPILE 's2sw_pdlib_debug_gnu' [04:11, 03:16]
FAILED: TEST TIMED OUT -- TEST 'cpld_debug_pdlib_p8_gnu' [, ]( MB)

PASS -- COMPILE 'datm_cdeps_gnu' [16:11, 15:29]
PASS -- TEST 'datm_cdeps_control_cfsr_gnu' [03:28, 02:57](686 MB)

SYNOPSIS:
Starting Date/Time: 20240701 01:14:29
Ending Date/Time: 20240701 03:44:56
Total Time: 02h:31m:18s
Compiles Completed: 57/57
Tests Completed: 206/245
Failed Tests:
* TEST cpld_control_p8_mixedmode_intel: FAILED: UNABLE TO COMPLETE COMPARISON
-- LOG: /scratch2/NCEPDEV/marine/Jong.Kim/UFS-RT/HR4/rt-2290/tests/logs/log_hera/run_cpld_control_p8_mixedmode_intel.log
* TEST cpld_control_gfsv17_intel: FAILED: UNABLE TO COMPLETE COMPARISON
-- LOG: /scratch2/NCEPDEV/marine/Jong.Kim/UFS-RT/HR4/rt-2290/tests/logs/log_hera/run_cpld_control_gfsv17_intel.log
* TEST cpld_control_gfsv17_iau_intel: FAILED: UNABLE TO START TEST
-- LOG: N/A
* TEST cpld_restart_gfsv17_intel: FAILED: UNABLE TO START TEST
-- LOG: N/A
* TEST cpld_mpi_gfsv17_intel: FAILED: UNABLE TO COMPLETE COMPARISON
-- LOG: /scratch2/NCEPDEV/marine/Jong.Kim/UFS-RT/HR4/rt-2290/tests/logs/log_hera/run_cpld_mpi_gfsv17_intel.log
* TEST cpld_control_sfs_intel: FAILED: UNABLE TO COMPLETE COMPARISON
-- LOG: /scratch2/NCEPDEV/marine/Jong.Kim/UFS-RT/HR4/rt-2290/tests/logs/log_hera/run_cpld_control_sfs_intel.log
* TEST cpld_debug_gfsv17_intel: FAILED: UNABLE TO COMPLETE COMPARISON
-- LOG: /scratch2/NCEPDEV/marine/Jong.Kim/UFS-RT/HR4/rt-2290/tests/logs/log_hera/run_cpld_debug_gfsv17_intel.log
* TEST cpld_control_p8_intel: FAILED: UNABLE TO COMPLETE COMPARISON
-- LOG: /scratch2/NCEPDEV/marine/Jong.Kim/UFS-RT/HR4/rt-2290/tests/logs/log_hera/run_cpld_control_p8_intel.log
* TEST cpld_control_p8.v2.sfc_intel: FAILED: UNABLE TO COMPLETE COMPARISON
-- LOG: /scratch2/NCEPDEV/marine/Jong.Kim/UFS-RT/HR4/rt-2290/tests/logs/log_hera/run_cpld_control_p8.v2.sfc_intel.log
* TEST cpld_restart_p8_intel: FAILED: UNABLE TO START TEST
-- LOG: N/A
* TEST cpld_control_qr_p8_intel: FAILED: UNABLE TO COMPLETE COMPARISON
-- LOG: /scratch2/NCEPDEV/marine/Jong.Kim/UFS-RT/HR4/rt-2290/tests/logs/log_hera/run_cpld_control_qr_p8_intel.log
* TEST cpld_restart_qr_p8_intel: FAILED: UNABLE TO START TEST
-- LOG: N/A
* TEST cpld_2threads_p8_intel: FAILED: UNABLE TO COMPLETE COMPARISON
-- LOG: /scratch2/NCEPDEV/marine/Jong.Kim/UFS-RT/HR4/rt-2290/tests/logs/log_hera/run_cpld_2threads_p8_intel.log
* TEST cpld_decomp_p8_intel: FAILED: UNABLE TO COMPLETE COMPARISON
-- LOG: /scratch2/NCEPDEV/marine/Jong.Kim/UFS-RT/HR4/rt-2290/tests/logs/log_hera/run_cpld_decomp_p8_intel.log
* TEST cpld_mpi_p8_intel: FAILED: UNABLE TO COMPLETE COMPARISON
-- LOG: /scratch2/NCEPDEV/marine/Jong.Kim/UFS-RT/HR4/rt-2290/tests/logs/log_hera/run_cpld_mpi_p8_intel.log
* TEST cpld_control_ciceC_p8_intel: FAILED: UNABLE TO COMPLETE COMPARISON
-- LOG: /scratch2/NCEPDEV/marine/Jong.Kim/UFS-RT/HR4/rt-2290/tests/logs/log_hera/run_cpld_control_ciceC_p8_intel.log
* TEST cpld_control_c192_p8_intel: FAILED: UNABLE TO COMPLETE COMPARISON
-- LOG: /scratch2/NCEPDEV/marine/Jong.Kim/UFS-RT/HR4/rt-2290/tests/logs/log_hera/run_cpld_control_c192_p8_intel.log
* TEST cpld_restart_c192_p8_intel: FAILED: UNABLE TO START TEST
-- LOG: N/A
* TEST cpld_bmark_p8_intel: FAILED: UNABLE TO COMPLETE COMPARISON
-- LOG: /scratch2/NCEPDEV/marine/Jong.Kim/UFS-RT/HR4/rt-2290/tests/logs/log_hera/run_cpld_bmark_p8_intel.log
* TEST cpld_restart_bmark_p8_intel: FAILED: UNABLE TO START TEST
-- LOG: N/A
* TEST cpld_s2sa_p8_intel: FAILED: UNABLE TO COMPLETE COMPARISON
-- LOG: /scratch2/NCEPDEV/marine/Jong.Kim/UFS-RT/HR4/rt-2290/tests/logs/log_hera/run_cpld_s2sa_p8_intel.log
* TEST cpld_control_noaero_p8_intel: FAILED: UNABLE TO COMPLETE COMPARISON
-- LOG: /scratch2/NCEPDEV/marine/Jong.Kim/UFS-RT/HR4/rt-2290/tests/logs/log_hera/run_cpld_control_noaero_p8_intel.log
* TEST cpld_control_nowave_noaero_p8_intel: FAILED: UNABLE TO COMPLETE COMPARISON
-- LOG: /scratch2/NCEPDEV/marine/Jong.Kim/UFS-RT/HR4/rt-2290/tests/logs/log_hera/run_cpld_control_nowave_noaero_p8_intel.log
* TEST cpld_debug_p8_intel: FAILED: UNABLE TO COMPLETE COMPARISON
-- LOG: /scratch2/NCEPDEV/marine/Jong.Kim/UFS-RT/HR4/rt-2290/tests/logs/log_hera/run_cpld_debug_p8_intel.log
* TEST cpld_debug_noaero_p8_intel: FAILED: UNABLE TO COMPLETE COMPARISON
-- LOG: /scratch2/NCEPDEV/marine/Jong.Kim/UFS-RT/HR4/rt-2290/tests/logs/log_hera/run_cpld_debug_noaero_p8_intel.log
* TEST cpld_control_noaero_p8_agrid_intel: FAILED: UNABLE TO COMPLETE COMPARISON
-- LOG: /scratch2/NCEPDEV/marine/Jong.Kim/UFS-RT/HR4/rt-2290/tests/logs/log_hera/run_cpld_control_noaero_p8_agrid_intel.log
* TEST cpld_control_c48_intel: FAILED: UNABLE TO COMPLETE COMPARISON
-- LOG: /scratch2/NCEPDEV/marine/Jong.Kim/UFS-RT/HR4/rt-2290/tests/logs/log_hera/run_cpld_control_c48_intel.log
* TEST cpld_warmstart_c48_intel: FAILED: UNABLE TO COMPLETE COMPARISON
-- LOG: /scratch2/NCEPDEV/marine/Jong.Kim/UFS-RT/HR4/rt-2290/tests/logs/log_hera/run_cpld_warmstart_c48_intel.log
* TEST cpld_restart_c48_intel: FAILED: UNABLE TO START TEST
-- LOG: N/A
* TEST cpld_control_p8_faster_intel: FAILED: UNABLE TO COMPLETE COMPARISON
-- LOG: /scratch2/NCEPDEV/marine/Jong.Kim/UFS-RT/HR4/rt-2290/tests/logs/log_hera/run_cpld_control_p8_faster_intel.log
* TEST cpld_control_pdlib_p8_intel: FAILED: UNABLE TO COMPLETE COMPARISON
-- LOG: /scratch2/NCEPDEV/marine/Jong.Kim/UFS-RT/HR4/rt-2290/tests/logs/log_hera/run_cpld_control_pdlib_p8_intel.log
* TEST cpld_restart_pdlib_p8_intel: FAILED: UNABLE TO START TEST
-- LOG: N/A
* TEST cpld_mpi_pdlib_p8_intel: FAILED: UNABLE TO START TEST
-- LOG: N/A
* TEST cpld_debug_pdlib_p8_intel: FAILED: UNABLE TO COMPLETE COMPARISON
-- LOG: /scratch2/NCEPDEV/marine/Jong.Kim/UFS-RT/HR4/rt-2290/tests/logs/log_hera/run_cpld_debug_pdlib_p8_intel.log
* TEST atm_ds2s_docn_pcice_intel: FAILED: UNABLE TO COMPLETE COMPARISON
-- LOG: /scratch2/NCEPDEV/marine/Jong.Kim/UFS-RT/HR4/rt-2290/tests/logs/log_hera/run_atm_ds2s_docn_pcice_intel.log
* TEST atm_ds2s_docn_dice_intel: FAILED: UNABLE TO START TEST
-- LOG: N/A
* TEST cpld_control_nowave_noaero_p8_gnu: FAILED: UNABLE TO COMPLETE COMPARISON
-- LOG: /scratch2/NCEPDEV/marine/Jong.Kim/UFS-RT/HR4/rt-2290/tests/logs/log_hera/run_cpld_control_nowave_noaero_p8_gnu.log
* TEST cpld_control_pdlib_p8_gnu: FAILED: UNABLE TO COMPLETE COMPARISON
-- LOG: /scratch2/NCEPDEV/marine/Jong.Kim/UFS-RT/HR4/rt-2290/tests/logs/log_hera/run_cpld_control_pdlib_p8_gnu.log
* TEST cpld_debug_pdlib_p8_gnu: FAILED: TEST TIMED OUT
-- LOG: /scratch1/NCEPDEV/stmp2/Jong.Kim/FV3_RT/rt_3498314/cpld_debug_pdlib_p8_gnu/err

NOTES:
A file 'test_changes.list' was generated with list of all failed tests.
You can use './rt.sh -c -b test_changes.list' to create baselines for the failed tests.
If you are using this log as a pull request verification, please commit 'test_changes.list'.

Result: FAILURE

====END OF HERA REGRESSION TESTING LOG====
